{"C:\\Users\\Vladimir_Artemev\\Documents\\Develop\\React\\netflixroulette\\src\\App.jsx": {"path":"C:\\Users\\Vladimir_Artemev\\Documents\\Develop\\React\\netflixroulette\\src\\App.jsx","statementMap":{"0":{"start":{"line":8,"column":19},"end":{"line":17,"column":1}},"1":{"start":{"line":9,"column":2},"end":{"line":16,"column":4}}},"fnMap":{"0":{"name":"(anonymous_0)","decl":{"start":{"line":8,"column":19},"end":{"line":8,"column":20}},"loc":{"start":{"line":8,"column":25},"end":{"line":17,"column":1}},"line":8}},"branchMap":{},"s":{"0":0,"1":0},"f":{"0":0},"b":{},"hash":"ab5cb8205827cac80566abdc54cd20cf41a14398"}
,"C:\\Users\\Vladimir_Artemev\\Documents\\Develop\\React\\netflixroulette\\src\\constants.js": {"path":"C:\\Users\\Vladimir_Artemev\\Documents\\Develop\\React\\netflixroulette\\src\\constants.js","statementMap":{"0":{"start":{"line":1,"column":23},"end":{"line":1,"column":66}},"1":{"start":{"line":3,"column":32},"end":{"line":3,"column":50}},"2":{"start":{"line":4,"column":26},"end":{"line":4,"column":38}},"3":{"start":{"line":5,"column":34},"end":{"line":5,"column":54}},"4":{"start":{"line":6,"column":34},"end":{"line":6,"column":54}},"5":{"start":{"line":7,"column":39},"end":{"line":7,"column":64}},"6":{"start":{"line":9,"column":2},"end":{"line":9,"column":35}},"7":{"start":{"line":11,"column":2},"end":{"line":11,"column":35}},"8":{"start":{"line":12,"column":42},"end":{"line":12,"column":70}},"9":{"start":{"line":14,"column":2},"end":{"line":14,"column":38}},"10":{"start":{"line":16,"column":2},"end":{"line":16,"column":38}},"11":{"start":{"line":17,"column":33},"end":{"line":17,"column":52}},"12":{"start":{"line":18,"column":31},"end":{"line":18,"column":48}}},"fnMap":{},"branchMap":{},"s":{"0":0,"1":0,"2":0,"3":0,"4":0,"5":0,"6":0,"7":0,"8":0,"9":0,"10":0,"11":0,"12":0},"f":{},"b":{},"hash":"2bfbe1be88365f74bde87da4518e8185e51a1d4e"}
,"C:\\Users\\Vladimir_Artemev\\Documents\\Develop\\React\\netflixroulette\\src\\index.jsx": {"path":"C:\\Users\\Vladimir_Artemev\\Documents\\Develop\\React\\netflixroulette\\src\\index.jsx","statementMap":{"0":{"start":{"line":8,"column":14},"end":{"line":8,"column":30}},"1":{"start":{"line":10,"column":0},"end":{"line":15,"column":2}}},"fnMap":{},"branchMap":{},"s":{"0":0,"1":0},"f":{},"b":{},"hash":"c6d761d2208a0b635a1b7deb8960ba4e672fb94e"}
,"C:\\Users\\Vladimir_Artemev\\Documents\\Develop\\React\\netflixroulette\\src\\store.jsx": {"path":"C:\\Users\\Vladimir_Artemev\\Documents\\Develop\\React\\netflixroulette\\src\\store.jsx","statementMap":{"0":{"start":{"line":7,"column":23},"end":{"line":7,"column":45}},"1":{"start":{"line":9,"column":30},"end":{"line":23,"column":1}},"2":{"start":{"line":10,"column":16},"end":{"line":18,"column":3}},"3":{"start":{"line":20,"column":2},"end":{"line":20,"column":31}},"4":{"start":{"line":22,"column":2},"end":{"line":22,"column":15}}},"fnMap":{"0":{"name":"(anonymous_0)","decl":{"start":{"line":9,"column":30},"end":{"line":9,"column":31}},"loc":{"start":{"line":9,"column":46},"end":{"line":23,"column":1}},"line":9}},"branchMap":{"0":{"loc":{"start":{"line":15,"column":6},"end":{"line":16,"column":45}},"type":"binary-expr","locations":[{"start":{"line":15,"column":6},"end":{"line":15,"column":41}},{"start":{"line":16,"column":8},"end":{"line":16,"column":45}}],"line":15}},"s":{"0":0,"1":0,"2":0,"3":0,"4":0},"f":{"0":0},"b":{"0":[0,0]},"hash":"82438865a2fb5082f42df1a248630184d8234d6b"}
,"C:\\Users\\Vladimir_Artemev\\Documents\\Develop\\React\\netflixroulette\\src\\actions\\index.js": {"path":"C:\\Users\\Vladimir_Artemev\\Documents\\Develop\\React\\netflixroulette\\src\\actions\\index.js","statementMap":{"0":{"start":{"line":13,"column":38},"end":{"line":28,"column":1}},"1":{"start":{"line":19,"column":2},"end":{"line":27,"column":4}},"2":{"start":{"line":30,"column":45},"end":{"line":37,"column":1}},"3":{"start":{"line":31,"column":2},"end":{"line":36,"column":4}},"4":{"start":{"line":39,"column":45},"end":{"line":43,"column":1}},"5":{"start":{"line":40,"column":2},"end":{"line":42,"column":4}},"6":{"start":{"line":45,"column":35},"end":{"line":52,"column":1}},"7":{"start":{"line":46,"column":2},"end":{"line":51,"column":4}},"8":{"start":{"line":54,"column":42},"end":{"line":61,"column":1}},"9":{"start":{"line":55,"column":2},"end":{"line":60,"column":4}},"10":{"start":{"line":63,"column":42},"end":{"line":67,"column":1}},"11":{"start":{"line":64,"column":2},"end":{"line":66,"column":4}},"12":{"start":{"line":69,"column":31},"end":{"line":76,"column":1}},"13":{"start":{"line":70,"column":2},"end":{"line":75,"column":4}},"14":{"start":{"line":78,"column":29},"end":{"line":85,"column":1}},"15":{"start":{"line":79,"column":2},"end":{"line":84,"column":4}},"16":{"start":{"line":87,"column":30},"end":{"line":94,"column":1}},"17":{"start":{"line":88,"column":2},"end":{"line":93,"column":4}}},"fnMap":{"0":{"name":"(anonymous_0)","decl":{"start":{"line":13,"column":38},"end":{"line":13,"column":39}},"loc":{"start":{"line":18,"column":5},"end":{"line":28,"column":1}},"line":18},"1":{"name":"(anonymous_1)","decl":{"start":{"line":30,"column":45},"end":{"line":30,"column":46}},"loc":{"start":{"line":30,"column":55},"end":{"line":37,"column":1}},"line":30},"2":{"name":"(anonymous_2)","decl":{"start":{"line":39,"column":45},"end":{"line":39,"column":46}},"loc":{"start":{"line":39,"column":51},"end":{"line":43,"column":1}},"line":39},"3":{"name":"(anonymous_3)","decl":{"start":{"line":45,"column":35},"end":{"line":45,"column":36}},"loc":{"start":{"line":45,"column":41},"end":{"line":52,"column":1}},"line":45},"4":{"name":"(anonymous_4)","decl":{"start":{"line":54,"column":42},"end":{"line":54,"column":43}},"loc":{"start":{"line":54,"column":51},"end":{"line":61,"column":1}},"line":54},"5":{"name":"(anonymous_5)","decl":{"start":{"line":63,"column":42},"end":{"line":63,"column":43}},"loc":{"start":{"line":63,"column":48},"end":{"line":67,"column":1}},"line":63},"6":{"name":"(anonymous_6)","decl":{"start":{"line":69,"column":31},"end":{"line":69,"column":32}},"loc":{"start":{"line":69,"column":43},"end":{"line":76,"column":1}},"line":69},"7":{"name":"(anonymous_7)","decl":{"start":{"line":78,"column":29},"end":{"line":78,"column":30}},"loc":{"start":{"line":78,"column":39},"end":{"line":85,"column":1}},"line":78},"8":{"name":"(anonymous_8)","decl":{"start":{"line":87,"column":30},"end":{"line":87,"column":31}},"loc":{"start":{"line":87,"column":45},"end":{"line":94,"column":1}},"line":87}},"branchMap":{"0":{"loc":{"start":{"line":15,"column":2},"end":{"line":15,"column":20}},"type":"default-arg","locations":[{"start":{"line":15,"column":13},"end":{"line":15,"column":20}}],"line":15},"1":{"loc":{"start":{"line":16,"column":2},"end":{"line":16,"column":25}},"type":"default-arg","locations":[{"start":{"line":16,"column":11},"end":{"line":16,"column":25}}],"line":16},"2":{"loc":{"start":{"line":17,"column":2},"end":{"line":17,"column":20}},"type":"default-arg","locations":[{"start":{"line":17,"column":14},"end":{"line":17,"column":20}}],"line":17}},"s":{"0":0,"1":0,"2":0,"3":0,"4":0,"5":0,"6":0,"7":0,"8":0,"9":0,"10":0,"11":0,"12":0,"13":0,"14":0,"15":0,"16":0,"17":0},"f":{"0":0,"1":0,"2":0,"3":0,"4":0,"5":0,"6":0,"7":0,"8":0},"b":{"0":[0],"1":[0],"2":[0]},"hash":"8050167a10afe4604d5e68e15f04a3e2c2a0b0e3"}
,"C:\\Users\\Vladimir_Artemev\\Documents\\Develop\\React\\netflixroulette\\src\\components\\button\\button.jsx": {"path":"C:\\Users\\Vladimir_Artemev\\Documents\\Develop\\React\\netflixroulette\\src\\components\\button\\button.jsx","statementMap":{"0":{"start":{"line":6,"column":26},"end":{"line":11,"column":1}},"1":{"start":{"line":13,"column":22},"end":{"line":33,"column":1}},"2":{"start":{"line":19,"column":22},"end":{"line":26,"column":4}},"3":{"start":{"line":28,"column":2},"end":{"line":32,"column":4}},"4":{"start":{"line":35,"column":0},"end":{"line":40,"column":2}}},"fnMap":{"0":{"name":"(anonymous_0)","decl":{"start":{"line":13,"column":22},"end":{"line":13,"column":23}},"loc":{"start":{"line":18,"column":6},"end":{"line":33,"column":1}},"line":18}},"branchMap":{"0":{"loc":{"start":{"line":17,"column":2},"end":{"line":17,"column":24}},"type":"default-arg","locations":[{"start":{"line":17,"column":9},"end":{"line":17,"column":24}}],"line":17},"1":{"loc":{"start":{"line":20,"column":29},"end":{"line":20,"column":66}},"type":"binary-expr","locations":[{"start":{"line":20,"column":29},"end":{"line":20,"column":36}},{"start":{"line":20,"column":40},"end":{"line":20,"column":66}}],"line":20},"2":{"loc":{"start":{"line":21,"column":27},"end":{"line":21,"column":62}},"type":"binary-expr","locations":[{"start":{"line":21,"column":27},"end":{"line":21,"column":34}},{"start":{"line":21,"column":38},"end":{"line":21,"column":62}}],"line":21}},"s":{"0":1,"1":1,"2":2,"3":2,"4":1},"f":{"0":2},"b":{"0":[2],"1":[2,0],"2":[2,0]},"_coverageSchema":"43e27e138ebf9cfc5966b082cf9a028302ed4184","hash":"cda41517039fa6f3f4f9259529918e6e63622d7c"}
,"C:\\Users\\Vladimir_Artemev\\Documents\\Develop\\React\\netflixroulette\\src\\components\\button\\button.story.js": {"path":"C:\\Users\\Vladimir_Artemev\\Documents\\Develop\\React\\netflixroulette\\src\\components\\button\\button.story.js","statementMap":{"0":{"start":{"line":6,"column":0},"end":{"line":20,"column":5}},"1":{"start":{"line":7,"column":23},"end":{"line":7,"column":72}},"2":{"start":{"line":8,"column":23},"end":{"line":8,"column":76}},"3":{"start":{"line":10,"column":4},"end":{"line":13,"column":6}},"4":{"start":{"line":16,"column":4},"end":{"line":19,"column":6}}},"fnMap":{"0":{"name":"(anonymous_0)","decl":{"start":{"line":7,"column":17},"end":{"line":7,"column":18}},"loc":{"start":{"line":7,"column":23},"end":{"line":7,"column":72}},"line":7},"1":{"name":"(anonymous_1)","decl":{"start":{"line":8,"column":17},"end":{"line":8,"column":18}},"loc":{"start":{"line":8,"column":23},"end":{"line":8,"column":76}},"line":8},"2":{"name":"(anonymous_2)","decl":{"start":{"line":9,"column":23},"end":{"line":9,"column":24}},"loc":{"start":{"line":10,"column":4},"end":{"line":13,"column":6}},"line":10},"3":{"name":"(anonymous_3)","decl":{"start":{"line":15,"column":21},"end":{"line":15,"column":22}},"loc":{"start":{"line":16,"column":4},"end":{"line":19,"column":6}},"line":16}},"branchMap":{},"s":{"0":0,"1":0,"2":0,"3":0,"4":0},"f":{"0":0,"1":0,"2":0,"3":0},"b":{},"hash":"97bba86db4b2e8ea21b35852a14dddc93fe62b43"}
,"C:\\Users\\Vladimir_Artemev\\Documents\\Develop\\React\\netflixroulette\\src\\components\\footer\\footer.jsx": {"path":"C:\\Users\\Vladimir_Artemev\\Documents\\Develop\\React\\netflixroulette\\src\\components\\footer\\footer.jsx","statementMap":{"0":{"start":{"line":5,"column":22},"end":{"line":11,"column":1}},"1":{"start":{"line":6,"column":2},"end":{"line":10,"column":4}}},"fnMap":{"0":{"name":"(anonymous_0)","decl":{"start":{"line":5,"column":22},"end":{"line":5,"column":23}},"loc":{"start":{"line":5,"column":28},"end":{"line":11,"column":1}},"line":5}},"branchMap":{},"s":{"0":1,"1":1},"f":{"0":1},"b":{},"_coverageSchema":"43e27e138ebf9cfc5966b082cf9a028302ed4184","hash":"0cb11e6a9c8099769a5d77a85e32fae33c16c175"}
,"C:\\Users\\Vladimir_Artemev\\Documents\\Develop\\React\\netflixroulette\\src\\components\\footer\\footer.story.js": {"path":"C:\\Users\\Vladimir_Artemev\\Documents\\Develop\\React\\netflixroulette\\src\\components\\footer\\footer.story.js","statementMap":{"0":{"start":{"line":5,"column":0},"end":{"line":5,"column":60}},"1":{"start":{"line":5,"column":48},"end":{"line":5,"column":58}}},"fnMap":{"0":{"name":"(anonymous_0)","decl":{"start":{"line":5,"column":42},"end":{"line":5,"column":43}},"loc":{"start":{"line":5,"column":48},"end":{"line":5,"column":58}},"line":5}},"branchMap":{},"s":{"0":0,"1":0},"f":{"0":0},"b":{},"hash":"dddd41647d7bce1dfd730bb77f2cfec319f00261"}
,"C:\\Users\\Vladimir_Artemev\\Documents\\Develop\\React\\netflixroulette\\src\\components\\input\\input.jsx": {"path":"C:\\Users\\Vladimir_Artemev\\Documents\\Develop\\React\\netflixroulette\\src\\components\\input\\input.jsx","statementMap":{"0":{"start":{"line":5,"column":21},"end":{"line":22,"column":1}},"1":{"start":{"line":11,"column":2},"end":{"line":21,"column":4}},"2":{"start":{"line":17,"column":44},"end":{"line":17,"column":64}},"3":{"start":{"line":18,"column":33},"end":{"line":18,"column":69}},"4":{"start":{"line":24,"column":0},"end":{"line":29,"column":2}}},"fnMap":{"0":{"name":"(anonymous_0)","decl":{"start":{"line":5,"column":21},"end":{"line":5,"column":22}},"loc":{"start":{"line":10,"column":6},"end":{"line":22,"column":1}},"line":10},"1":{"name":"(anonymous_1)","decl":{"start":{"line":17,"column":17},"end":{"line":17,"column":18}},"loc":{"start":{"line":17,"column":44},"end":{"line":17,"column":64}},"line":17},"2":{"name":"(anonymous_2)","decl":{"start":{"line":18,"column":20},"end":{"line":18,"column":21}},"loc":{"start":{"line":18,"column":33},"end":{"line":18,"column":69}},"line":18}},"branchMap":{},"s":{"0":1,"1":1,"2":0,"3":0,"4":1},"f":{"0":1,"1":0,"2":0},"b":{},"_coverageSchema":"43e27e138ebf9cfc5966b082cf9a028302ed4184","hash":"ba5d78856d3acec3f1c829cc2a33eebec702cd64"}
,"C:\\Users\\Vladimir_Artemev\\Documents\\Develop\\React\\netflixroulette\\src\\components\\input\\input.story.js": {"path":"C:\\Users\\Vladimir_Artemev\\Documents\\Develop\\React\\netflixroulette\\src\\components\\input\\input.story.js","statementMap":{"0":{"start":{"line":5,"column":0},"end":{"line":5,"column":57}},"1":{"start":{"line":5,"column":46},"end":{"line":5,"column":55}}},"fnMap":{"0":{"name":"(anonymous_0)","decl":{"start":{"line":5,"column":40},"end":{"line":5,"column":41}},"loc":{"start":{"line":5,"column":46},"end":{"line":5,"column":55}},"line":5}},"branchMap":{},"s":{"0":0,"1":0},"f":{"0":0},"b":{},"hash":"7e8701f2bfeef7ddabd490ec63e5b1908ac8f134"}
,"C:\\Users\\Vladimir_Artemev\\Documents\\Develop\\React\\netflixroulette\\src\\components\\logo\\logo.jsx": {"path":"C:\\Users\\Vladimir_Artemev\\Documents\\Develop\\React\\netflixroulette\\src\\components\\logo\\logo.jsx","statementMap":{"0":{"start":{"line":5,"column":20},"end":{"line":7,"column":1}},"1":{"start":{"line":6,"column":2},"end":{"line":6,"column":46}},"2":{"start":{"line":9,"column":0},"end":{"line":11,"column":2}}},"fnMap":{"0":{"name":"(anonymous_0)","decl":{"start":{"line":5,"column":20},"end":{"line":5,"column":21}},"loc":{"start":{"line":5,"column":34},"end":{"line":7,"column":1}},"line":5}},"branchMap":{},"s":{"0":1,"1":0,"2":1},"f":{"0":0},"b":{},"_coverageSchema":"43e27e138ebf9cfc5966b082cf9a028302ed4184","hash":"b1c2768a05f7cfdca42de37502382f323dec0716"}
,"C:\\Users\\Vladimir_Artemev\\Documents\\Develop\\React\\netflixroulette\\src\\components\\logo\\logo.story.js": {"path":"C:\\Users\\Vladimir_Artemev\\Documents\\Develop\\React\\netflixroulette\\src\\components\\logo\\logo.story.js","statementMap":{"0":{"start":{"line":5,"column":0},"end":{"line":5,"column":54}},"1":{"start":{"line":5,"column":44},"end":{"line":5,"column":52}}},"fnMap":{"0":{"name":"(anonymous_0)","decl":{"start":{"line":5,"column":38},"end":{"line":5,"column":39}},"loc":{"start":{"line":5,"column":44},"end":{"line":5,"column":52}},"line":5}},"branchMap":{},"s":{"0":0,"1":0},"f":{"0":0},"b":{},"hash":"1b068d35f25a30eecebc72805c0664e24ea3fbdd"}
,"C:\\Users\\Vladimir_Artemev\\Documents\\Develop\\React\\netflixroulette\\src\\components\\movieDetails\\movieDetails.jsx": {"path":"C:\\Users\\Vladimir_Artemev\\Documents\\Develop\\React\\netflixroulette\\src\\components\\movieDetails\\movieDetails.jsx","statementMap":{"0":{"start":{"line":8,"column":28},"end":{"line":40,"column":1}},"1":{"start":{"line":19,"column":2},"end":{"line":39,"column":4}},"2":{"start":{"line":42,"column":0},"end":{"line":52,"column":2}}},"fnMap":{"0":{"name":"(anonymous_0)","decl":{"start":{"line":8,"column":28},"end":{"line":8,"column":29}},"loc":{"start":{"line":18,"column":6},"end":{"line":40,"column":1}},"line":18}},"branchMap":{"0":{"loc":{"start":{"line":26,"column":9},"end":{"line":28,"column":9}},"type":"binary-expr","locations":[{"start":{"line":26,"column":9},"end":{"line":26,"column":27}},{"start":{"line":27,"column":10},"end":{"line":27,"column":61}}],"line":26},"1":{"loc":{"start":{"line":34,"column":11},"end":{"line":34,"column":64}},"type":"binary-expr","locations":[{"start":{"line":34,"column":11},"end":{"line":34,"column":18}},{"start":{"line":34,"column":22},"end":{"line":34,"column":64}}],"line":34}},"s":{"0":0,"1":0,"2":0},"f":{"0":0},"b":{"0":[0,0],"1":[0,0]},"hash":"4c5e2cf1170f2af8d03d26d2a76ee62064bf6fc7"}
,"C:\\Users\\Vladimir_Artemev\\Documents\\Develop\\React\\netflixroulette\\src\\components\\movieItem\\movieItem.jsx": {"path":"C:\\Users\\Vladimir_Artemev\\Documents\\Develop\\React\\netflixroulette\\src\\components\\movieItem\\movieItem.jsx","statementMap":{"0":{"start":{"line":8,"column":25},"end":{"line":19,"column":1}},"1":{"start":{"line":9,"column":2},"end":{"line":18,"column":4}},"2":{"start":{"line":21,"column":0},"end":{"line":26,"column":2}}},"fnMap":{"0":{"name":"(anonymous_0)","decl":{"start":{"line":8,"column":25},"end":{"line":8,"column":26}},"loc":{"start":{"line":8,"column":73},"end":{"line":19,"column":1}},"line":8}},"branchMap":{},"s":{"0":0,"1":0,"2":0},"f":{"0":0},"b":{},"hash":"cc7b5464afc684b189cd0d5a781e5494a938c644"}
,"C:\\Users\\Vladimir_Artemev\\Documents\\Develop\\React\\netflixroulette\\src\\components\\movieItem\\movieItem.story.js": {"path":"C:\\Users\\Vladimir_Artemev\\Documents\\Develop\\React\\netflixroulette\\src\\components\\movieItem\\movieItem.story.js","statementMap":{"0":{"start":{"line":5,"column":0},"end":{"line":5,"column":69}},"1":{"start":{"line":5,"column":54},"end":{"line":5,"column":67}}},"fnMap":{"0":{"name":"(anonymous_0)","decl":{"start":{"line":5,"column":48},"end":{"line":5,"column":49}},"loc":{"start":{"line":5,"column":54},"end":{"line":5,"column":67}},"line":5}},"branchMap":{},"s":{"0":0,"1":0},"f":{"0":0},"b":{},"hash":"c6b1c56acdf28229c867085a6b41df97e0f67e03"}
,"C:\\Users\\Vladimir_Artemev\\Documents\\Develop\\React\\netflixroulette\\src\\components\\movieTitle\\movieTitle.jsx": {"path":"C:\\Users\\Vladimir_Artemev\\Documents\\Develop\\React\\netflixroulette\\src\\components\\movieTitle\\movieTitle.jsx","statementMap":{"0":{"start":{"line":6,"column":26},"end":{"line":8,"column":1}},"1":{"start":{"line":7,"column":2},"end":{"line":7,"column":48}},"2":{"start":{"line":10,"column":0},"end":{"line":13,"column":2}}},"fnMap":{"0":{"name":"(anonymous_0)","decl":{"start":{"line":6,"column":26},"end":{"line":6,"column":27}},"loc":{"start":{"line":6,"column":52},"end":{"line":8,"column":1}},"line":6}},"branchMap":{},"s":{"0":0,"1":0,"2":0},"f":{"0":0},"b":{},"hash":"f76ead0f82c37d5e64d2f93af6e11e92ef339ddb"}
,"C:\\Users\\Vladimir_Artemev\\Documents\\Develop\\React\\netflixroulette\\src\\components\\movieTitle\\movieTitle.story.js": {"path":"C:\\Users\\Vladimir_Artemev\\Documents\\Develop\\React\\netflixroulette\\src\\components\\movieTitle\\movieTitle.story.js","statementMap":{"0":{"start":{"line":5,"column":0},"end":{"line":5,"column":72}},"1":{"start":{"line":5,"column":56},"end":{"line":5,"column":70}}},"fnMap":{"0":{"name":"(anonymous_0)","decl":{"start":{"line":5,"column":50},"end":{"line":5,"column":51}},"loc":{"start":{"line":5,"column":56},"end":{"line":5,"column":70}},"line":5}},"branchMap":{},"s":{"0":0,"1":0},"f":{"0":0},"b":{},"hash":"2e1b6f86d2fca76e861ed96f5fefa1fceeecd69d"}
,"C:\\Users\\Vladimir_Artemev\\Documents\\Develop\\React\\netflixroulette\\src\\components\\noFilmsFound\\noFilmsFound.jsx": {"path":"C:\\Users\\Vladimir_Artemev\\Documents\\Develop\\React\\netflixroulette\\src\\components\\noFilmsFound\\noFilmsFound.jsx","statementMap":{"0":{"start":{"line":5,"column":28},"end":{"line":7,"column":1}},"1":{"start":{"line":6,"column":2},"end":{"line":6,"column":66}}},"fnMap":{"0":{"name":"(anonymous_0)","decl":{"start":{"line":5,"column":28},"end":{"line":5,"column":29}},"loc":{"start":{"line":5,"column":34},"end":{"line":7,"column":1}},"line":5}},"branchMap":{},"s":{"0":0,"1":0},"f":{"0":0},"b":{},"hash":"c229b534e840432ab3eab83e299e1ac65e7f59e8"}
,"C:\\Users\\Vladimir_Artemev\\Documents\\Develop\\React\\netflixroulette\\src\\components\\preloader\\preloader.jsx": {"path":"C:\\Users\\Vladimir_Artemev\\Documents\\Develop\\React\\netflixroulette\\src\\components\\preloader\\preloader.jsx","statementMap":{"0":{"start":{"line":5,"column":25},"end":{"line":11,"column":1}},"1":{"start":{"line":6,"column":2},"end":{"line":10,"column":4}}},"fnMap":{"0":{"name":"(anonymous_0)","decl":{"start":{"line":5,"column":25},"end":{"line":5,"column":26}},"loc":{"start":{"line":5,"column":31},"end":{"line":11,"column":1}},"line":5}},"branchMap":{},"s":{"0":0,"1":0},"f":{"0":0},"b":{},"hash":"4717e19cf4e8fd364dfcc5eeceb1b3c6b81d86b1"}
,"C:\\Users\\Vladimir_Artemev\\Documents\\Develop\\React\\netflixroulette\\src\\components\\searchControls\\searchControls.jsx": {"path":"C:\\Users\\Vladimir_Artemev\\Documents\\Develop\\React\\netflixroulette\\src\\components\\searchControls\\searchControls.jsx","statementMap":{"0":{"start":{"line":9,"column":16},"end":{"line":12,"column":1}},"1":{"start":{"line":14,"column":30},"end":{"line":39,"column":1}},"2":{"start":{"line":20,"column":2},"end":{"line":38,"column":4}},"3":{"start":{"line":34,"column":10},"end":{"line":34,"column":68}},"4":{"start":{"line":41,"column":0},"end":{"line":46,"column":2}}},"fnMap":{"0":{"name":"(anonymous_0)","decl":{"start":{"line":14,"column":30},"end":{"line":14,"column":31}},"loc":{"start":{"line":19,"column":6},"end":{"line":39,"column":1}},"line":19},"1":{"name":"(anonymous_1)","decl":{"start":{"line":33,"column":23},"end":{"line":33,"column":24}},"loc":{"start":{"line":34,"column":10},"end":{"line":34,"column":68}},"line":34}},"branchMap":{},"s":{"0":0,"1":0,"2":0,"3":0,"4":0},"f":{"0":0,"1":0},"b":{},"hash":"005befa3f1468ee5712bb5a15f186b68e79b0c3e"}
,"C:\\Users\\Vladimir_Artemev\\Documents\\Develop\\React\\netflixroulette\\src\\components\\searchControls\\searchControls.story.js": {"path":"C:\\Users\\Vladimir_Artemev\\Documents\\Develop\\React\\netflixroulette\\src\\components\\searchControls\\searchControls.story.js","statementMap":{"0":{"start":{"line":5,"column":0},"end":{"line":7,"column":3}},"1":{"start":{"line":6,"column":2},"end":{"line":6,"column":20}}},"fnMap":{"0":{"name":"(anonymous_0)","decl":{"start":{"line":5,"column":58},"end":{"line":5,"column":59}},"loc":{"start":{"line":6,"column":2},"end":{"line":6,"column":20}},"line":6}},"branchMap":{},"s":{"0":0,"1":0},"f":{"0":0},"b":{},"hash":"1c2661e399574599e298ea5df90f11d2c92aac7f"}
,"C:\\Users\\Vladimir_Artemev\\Documents\\Develop\\React\\netflixroulette\\src\\components\\searchField\\searchField.jsx": {"path":"C:\\Users\\Vladimir_Artemev\\Documents\\Develop\\React\\netflixroulette\\src\\components\\searchField\\searchField.jsx","statementMap":{"0":{"start":{"line":8,"column":27},"end":{"line":33,"column":1}},"1":{"start":{"line":16,"column":2},"end":{"line":32,"column":4}},"2":{"start":{"line":35,"column":0},"end":{"line":42,"column":2}}},"fnMap":{"0":{"name":"(anonymous_0)","decl":{"start":{"line":8,"column":27},"end":{"line":8,"column":28}},"loc":{"start":{"line":15,"column":6},"end":{"line":33,"column":1}},"line":15}},"branchMap":{},"s":{"0":0,"1":0,"2":0},"f":{"0":0},"b":{},"hash":"60edd8e1e263d123ffb6b27c24fe6caaa9850750"}
,"C:\\Users\\Vladimir_Artemev\\Documents\\Develop\\React\\netflixroulette\\src\\components\\searchField\\searchField.story.js": {"path":"C:\\Users\\Vladimir_Artemev\\Documents\\Develop\\React\\netflixroulette\\src\\components\\searchField\\searchField.story.js","statementMap":{"0":{"start":{"line":5,"column":0},"end":{"line":5,"column":75}},"1":{"start":{"line":5,"column":58},"end":{"line":5,"column":73}}},"fnMap":{"0":{"name":"(anonymous_0)","decl":{"start":{"line":5,"column":52},"end":{"line":5,"column":53}},"loc":{"start":{"line":5,"column":58},"end":{"line":5,"column":73}},"line":5}},"branchMap":{},"s":{"0":0,"1":0},"f":{"0":0},"b":{},"hash":"85978dbbe2796a88311762cc31b78f5c8ab467d5"}
,"C:\\Users\\Vladimir_Artemev\\Documents\\Develop\\React\\netflixroulette\\src\\components\\thumbnail\\thumbnail.jsx": {"path":"C:\\Users\\Vladimir_Artemev\\Documents\\Develop\\React\\netflixroulette\\src\\components\\thumbnail\\thumbnail.jsx","statementMap":{"0":{"start":{"line":6,"column":25},"end":{"line":8,"column":1}},"1":{"start":{"line":7,"column":2},"end":{"line":7,"column":49}},"2":{"start":{"line":10,"column":0},"end":{"line":13,"column":2}}},"fnMap":{"0":{"name":"(anonymous_0)","decl":{"start":{"line":6,"column":25},"end":{"line":6,"column":26}},"loc":{"start":{"line":6,"column":49},"end":{"line":8,"column":1}},"line":6}},"branchMap":{},"s":{"0":0,"1":0,"2":0},"f":{"0":0},"b":{},"hash":"1dae67f2331f81217899b04dfd5187ec4118b5b4"}
,"C:\\Users\\Vladimir_Artemev\\Documents\\Develop\\React\\netflixroulette\\src\\containers\\errorBoundary\\errorBoundary.js": {"path":"C:\\Users\\Vladimir_Artemev\\Documents\\Develop\\React\\netflixroulette\\src\\containers\\errorBoundary\\errorBoundary.js","statementMap":{"0":{"start":{"line":5,"column":4},"end":{"line":5,"column":17}},"1":{"start":{"line":6,"column":4},"end":{"line":6,"column":37}},"2":{"start":{"line":11,"column":4},"end":{"line":11,"column":30}},"3":{"start":{"line":16,"column":4},"end":{"line":16,"column":34}},"4":{"start":{"line":17,"column":4},"end":{"line":17,"column":32}},"5":{"start":{"line":21,"column":4},"end":{"line":24,"column":5}},"6":{"start":{"line":23,"column":6},"end":{"line":23,"column":43}},"7":{"start":{"line":26,"column":4},"end":{"line":26,"column":31}}},"fnMap":{"0":{"name":"(anonymous_0)","decl":{"start":{"line":4,"column":2},"end":{"line":4,"column":3}},"loc":{"start":{"line":4,"column":21},"end":{"line":7,"column":3}},"line":4},"1":{"name":"(anonymous_1)","decl":{"start":{"line":9,"column":2},"end":{"line":9,"column":3}},"loc":{"start":{"line":9,"column":41},"end":{"line":12,"column":3}},"line":9},"2":{"name":"(anonymous_2)","decl":{"start":{"line":14,"column":2},"end":{"line":14,"column":3}},"loc":{"start":{"line":14,"column":33},"end":{"line":18,"column":3}},"line":14},"3":{"name":"(anonymous_3)","decl":{"start":{"line":20,"column":2},"end":{"line":20,"column":3}},"loc":{"start":{"line":20,"column":11},"end":{"line":27,"column":3}},"line":20}},"branchMap":{"0":{"loc":{"start":{"line":21,"column":4},"end":{"line":24,"column":5}},"type":"if","locations":[{"start":{"line":21,"column":4},"end":{"line":24,"column":5}},{"start":{"line":21,"column":4},"end":{"line":24,"column":5}}],"line":21}},"s":{"0":0,"1":0,"2":0,"3":0,"4":0,"5":0,"6":0,"7":0},"f":{"0":0,"1":0,"2":0,"3":0},"b":{"0":[0,0]},"hash":"08d07596bbd3ce8d95ec32340a982f347f7c1c26"}
,"C:\\Users\\Vladimir_Artemev\\Documents\\Develop\\React\\netflixroulette\\src\\containers\\header\\header.jsx": {"path":"C:\\Users\\Vladimir_Artemev\\Documents\\Develop\\React\\netflixroulette\\src\\containers\\header\\header.jsx","statementMap":{"0":{"start":{"line":10,"column":22},"end":{"line":56,"column":1}},"1":{"start":{"line":11,"column":59},"end":{"line":18,"column":3}},"2":{"start":{"line":12,"column":14},"end":{"line":17,"column":5}},"3":{"start":{"line":20,"column":19},"end":{"line":20,"column":32}},"4":{"start":{"line":22,"column":29},"end":{"line":26,"column":3}},"5":{"start":{"line":23,"column":4},"end":{"line":25,"column":5}},"6":{"start":{"line":24,"column":6},"end":{"line":24,"column":78}},"7":{"start":{"line":28,"column":24},"end":{"line":30,"column":3}},"8":{"start":{"line":29,"column":4},"end":{"line":29,"column":36}},"9":{"start":{"line":32,"column":30},"end":{"line":34,"column":3}},"10":{"start":{"line":33,"column":4},"end":{"line":33,"column":76}},"11":{"start":{"line":36,"column":2},"end":{"line":55,"column":4}}},"fnMap":{"0":{"name":"(anonymous_0)","decl":{"start":{"line":10,"column":22},"end":{"line":10,"column":23}},"loc":{"start":{"line":10,"column":28},"end":{"line":56,"column":1}},"line":10},"1":{"name":"(anonymous_1)","decl":{"start":{"line":12,"column":4},"end":{"line":12,"column":5}},"loc":{"start":{"line":12,"column":14},"end":{"line":17,"column":5}},"line":12},"2":{"name":"(anonymous_2)","decl":{"start":{"line":22,"column":29},"end":{"line":22,"column":30}},"loc":{"start":{"line":22,"column":51},"end":{"line":26,"column":3}},"line":22},"3":{"name":"(anonymous_3)","decl":{"start":{"line":28,"column":24},"end":{"line":28,"column":25}},"loc":{"start":{"line":28,"column":33},"end":{"line":30,"column":3}},"line":28},"4":{"name":"(anonymous_4)","decl":{"start":{"line":32,"column":30},"end":{"line":32,"column":31}},"loc":{"start":{"line":32,"column":73},"end":{"line":34,"column":3}},"line":32}},"branchMap":{"0":{"loc":{"start":{"line":23,"column":4},"end":{"line":25,"column":5}},"type":"if","locations":[{"start":{"line":23,"column":4},"end":{"line":25,"column":5}},{"start":{"line":23,"column":4},"end":{"line":25,"column":5}}],"line":23},"1":{"loc":{"start":{"line":39,"column":7},"end":{"line":53,"column":7}},"type":"cond-expr","locations":[{"start":{"line":40,"column":8},"end":{"line":43,"column":11}},{"start":{"line":45,"column":8},"end":{"line":52,"column":10}}],"line":39},"2":{"loc":{"start":{"line":39,"column":7},"end":{"line":39,"column":64}},"type":"binary-expr","locations":[{"start":{"line":39,"column":7},"end":{"line":39,"column":35}},{"start":{"line":39,"column":39},"end":{"line":39,"column":64}}],"line":39}},"s":{"0":0,"1":0,"2":0,"3":0,"4":0,"5":0,"6":0,"7":0,"8":0,"9":0,"10":0,"11":0},"f":{"0":0,"1":0,"2":0,"3":0,"4":0},"b":{"0":[0,0],"1":[0,0],"2":[0,0]},"hash":"ef4ded4088f3af42b6a1cab2d7f127d0cd8cdaec"}
,"C:\\Users\\Vladimir_Artemev\\Documents\\Develop\\React\\netflixroulette\\src\\containers\\header\\header.story.js": {"path":"C:\\Users\\Vladimir_Artemev\\Documents\\Develop\\React\\netflixroulette\\src\\containers\\header\\header.story.js","statementMap":{"0":{"start":{"line":5,"column":0},"end":{"line":5,"column":60}},"1":{"start":{"line":5,"column":48},"end":{"line":5,"column":58}}},"fnMap":{"0":{"name":"(anonymous_0)","decl":{"start":{"line":5,"column":42},"end":{"line":5,"column":43}},"loc":{"start":{"line":5,"column":48},"end":{"line":5,"column":58}},"line":5}},"branchMap":{},"s":{"0":0,"1":0},"f":{"0":0},"b":{},"hash":"72c0fad86c7134fc52fa6d44bbf0c7c156a4f3e6"}
,"C:\\Users\\Vladimir_Artemev\\Documents\\Develop\\React\\netflixroulette\\src\\containers\\radioButton\\index.jsx": {"path":"C:\\Users\\Vladimir_Artemev\\Documents\\Develop\\React\\netflixroulette\\src\\containers\\radioButton\\index.jsx","statementMap":{"0":{"start":{"line":6,"column":27},"end":{"line":23,"column":1}},"1":{"start":{"line":7,"column":19},"end":{"line":7,"column":32}},"2":{"start":{"line":8,"column":29},"end":{"line":8,"column":40}},"3":{"start":{"line":10,"column":2},"end":{"line":22,"column":5}},"4":{"start":{"line":11,"column":4},"end":{"line":21,"column":6}},"5":{"start":{"line":18,"column":10},"end":{"line":18,"column":52}},"6":{"start":{"line":25,"column":0},"end":{"line":29,"column":2}}},"fnMap":{"0":{"name":"(anonymous_0)","decl":{"start":{"line":6,"column":27},"end":{"line":6,"column":28}},"loc":{"start":{"line":6,"column":58},"end":{"line":23,"column":1}},"line":6},"1":{"name":"(anonymous_1)","decl":{"start":{"line":10,"column":21},"end":{"line":10,"column":22}},"loc":{"start":{"line":10,"column":38},"end":{"line":22,"column":3}},"line":10},"2":{"name":"(anonymous_2)","decl":{"start":{"line":17,"column":23},"end":{"line":17,"column":24}},"loc":{"start":{"line":17,"column":29},"end":{"line":19,"column":9}},"line":17}},"branchMap":{},"s":{"0":0,"1":0,"2":0,"3":0,"4":0,"5":0,"6":0},"f":{"0":0,"1":0,"2":0},"b":{},"hash":"35ffb004ac81b6bed17827402559fc3882220bdb"}
,"C:\\Users\\Vladimir_Artemev\\Documents\\Develop\\React\\netflixroulette\\src\\containers\\resultBody\\resultBody.jsx": {"path":"C:\\Users\\Vladimir_Artemev\\Documents\\Develop\\React\\netflixroulette\\src\\containers\\resultBody\\resultBody.jsx","statementMap":{"0":{"start":{"line":10,"column":26},"end":{"line":44,"column":1}},"1":{"start":{"line":11,"column":33},"end":{"line":14,"column":5}},"2":{"start":{"line":11,"column":55},"end":{"line":14,"column":3}},"3":{"start":{"line":15,"column":19},"end":{"line":15,"column":32}},"4":{"start":{"line":17,"column":22},"end":{"line":20,"column":4}},"5":{"start":{"line":22,"column":2},"end":{"line":43,"column":4}},"6":{"start":{"line":31,"column":12},"end":{"line":38,"column":14}},"7":{"start":{"line":33,"column":35},"end":{"line":33,"column":68}}},"fnMap":{"0":{"name":"(anonymous_0)","decl":{"start":{"line":10,"column":26},"end":{"line":10,"column":27}},"loc":{"start":{"line":10,"column":32},"end":{"line":44,"column":1}},"line":10},"1":{"name":"(anonymous_1)","decl":{"start":{"line":11,"column":45},"end":{"line":11,"column":46}},"loc":{"start":{"line":11,"column":55},"end":{"line":14,"column":3}},"line":11},"2":{"name":"(anonymous_2)","decl":{"start":{"line":30,"column":21},"end":{"line":30,"column":22}},"loc":{"start":{"line":31,"column":12},"end":{"line":38,"column":14}},"line":31},"3":{"name":"(anonymous_3)","decl":{"start":{"line":33,"column":29},"end":{"line":33,"column":30}},"loc":{"start":{"line":33,"column":35},"end":{"line":33,"column":68}},"line":33}},"branchMap":{"0":{"loc":{"start":{"line":25,"column":9},"end":{"line":40,"column":9}},"type":"cond-expr","locations":[{"start":{"line":26,"column":10},"end":{"line":26,"column":23}},{"start":{"line":27,"column":12},"end":{"line":40,"column":9}}],"line":25},"1":{"loc":{"start":{"line":27,"column":12},"end":{"line":40,"column":9}},"type":"cond-expr","locations":[{"start":{"line":28,"column":10},"end":{"line":28,"column":26}},{"start":{"line":30,"column":10},"end":{"line":39,"column":12}}],"line":27}},"s":{"0":0,"1":0,"2":0,"3":0,"4":0,"5":0,"6":0,"7":0},"f":{"0":0,"1":0,"2":0,"3":0},"b":{"0":[0,0],"1":[0,0]},"hash":"0fafeef58ae50faf54d5c3105d0a871492ebd5eb"}
,"C:\\Users\\Vladimir_Artemev\\Documents\\Develop\\React\\netflixroulette\\src\\containers\\resultBody\\resultBody.story.js": {"path":"C:\\Users\\Vladimir_Artemev\\Documents\\Develop\\React\\netflixroulette\\src\\containers\\resultBody\\resultBody.story.js","statementMap":{"0":{"start":{"line":5,"column":0},"end":{"line":5,"column":72}},"1":{"start":{"line":5,"column":56},"end":{"line":5,"column":70}}},"fnMap":{"0":{"name":"(anonymous_0)","decl":{"start":{"line":5,"column":50},"end":{"line":5,"column":51}},"loc":{"start":{"line":5,"column":56},"end":{"line":5,"column":70}},"line":5}},"branchMap":{},"s":{"0":0,"1":0},"f":{"0":0},"b":{},"hash":"a4d8f99b9fb0040f484dea5737160acef0fb21b7"}
,"C:\\Users\\Vladimir_Artemev\\Documents\\Develop\\React\\netflixroulette\\src\\containers\\resultInfo\\resultInfo.jsx": {"path":"C:\\Users\\Vladimir_Artemev\\Documents\\Develop\\React\\netflixroulette\\src\\containers\\resultInfo\\resultInfo.jsx","statementMap":{"0":{"start":{"line":8,"column":15},"end":{"line":11,"column":1}},"1":{"start":{"line":13,"column":26},"end":{"line":40,"column":1}},"2":{"start":{"line":14,"column":43},"end":{"line":18,"column":5}},"3":{"start":{"line":14,"column":65},"end":{"line":18,"column":3}},"4":{"start":{"line":19,"column":2},"end":{"line":39,"column":4}}},"fnMap":{"0":{"name":"(anonymous_0)","decl":{"start":{"line":13,"column":26},"end":{"line":13,"column":27}},"loc":{"start":{"line":13,"column":32},"end":{"line":40,"column":1}},"line":13},"1":{"name":"(anonymous_1)","decl":{"start":{"line":14,"column":55},"end":{"line":14,"column":56}},"loc":{"start":{"line":14,"column":65},"end":{"line":18,"column":3}},"line":14}},"branchMap":{"0":{"loc":{"start":{"line":21,"column":7},"end":{"line":37,"column":7}},"type":"cond-expr","locations":[{"start":{"line":22,"column":8},"end":{"line":24,"column":11}},{"start":{"line":26,"column":8},"end":{"line":36,"column":11}}],"line":21}},"s":{"0":0,"1":0,"2":0,"3":0,"4":0},"f":{"0":0,"1":0},"b":{"0":[0,0]},"hash":"057dc79ec6c0846fc5aac94c59e28c63819fed2d"}
,"C:\\Users\\Vladimir_Artemev\\Documents\\Develop\\React\\netflixroulette\\src\\containers\\resultInfo\\resultInfo.story.js": {"path":"C:\\Users\\Vladimir_Artemev\\Documents\\Develop\\React\\netflixroulette\\src\\containers\\resultInfo\\resultInfo.story.js","statementMap":{"0":{"start":{"line":5,"column":0},"end":{"line":7,"column":3}},"1":{"start":{"line":6,"column":2},"end":{"line":6,"column":34}}},"fnMap":{"0":{"name":"(anonymous_0)","decl":{"start":{"line":5,"column":50},"end":{"line":5,"column":51}},"loc":{"start":{"line":6,"column":2},"end":{"line":6,"column":34}},"line":6}},"branchMap":{},"s":{"0":0,"1":0},"f":{"0":0},"b":{},"hash":"8902ac991865933267ad66b05425362383b5e433"}
,"C:\\Users\\Vladimir_Artemev\\Documents\\Develop\\React\\netflixroulette\\src\\reducers\\index.js": {"path":"C:\\Users\\Vladimir_Artemev\\Documents\\Develop\\React\\netflixroulette\\src\\reducers\\index.js","statementMap":{"0":{"start":{"line":4,"column":27},"end":{"line":6,"column":2}}},"fnMap":{},"branchMap":{},"s":{"0":0},"f":{},"b":{},"hash":"3f5a66188f1f8fd2c9a038e9b3a5d7ada66c416d"}
,"C:\\Users\\Vladimir_Artemev\\Documents\\Develop\\React\\netflixroulette\\src\\reducers\\movieReducer.js": {"path":"C:\\Users\\Vladimir_Artemev\\Documents\\Develop\\React\\netflixroulette\\src\\reducers\\movieReducer.js","statementMap":{"0":{"start":{"line":13,"column":28},"end":{"line":20,"column":1}},"1":{"start":{"line":22,"column":28},"end":{"line":79,"column":1}},"2":{"start":{"line":23,"column":28},"end":{"line":23,"column":34}},"3":{"start":{"line":24,"column":2},"end":{"line":78,"column":3}},"4":{"start":{"line":26,"column":6},"end":{"line":31,"column":8}},"5":{"start":{"line":33,"column":6},"end":{"line":37,"column":8}},"6":{"start":{"line":39,"column":6},"end":{"line":42,"column":8}},"7":{"start":{"line":44,"column":6},"end":{"line":47,"column":8}},"8":{"start":{"line":49,"column":6},"end":{"line":52,"column":8}},"9":{"start":{"line":54,"column":6},"end":{"line":57,"column":8}},"10":{"start":{"line":59,"column":6},"end":{"line":63,"column":8}},"11":{"start":{"line":65,"column":6},"end":{"line":69,"column":8}},"12":{"start":{"line":71,"column":6},"end":{"line":74,"column":8}},"13":{"start":{"line":77,"column":6},"end":{"line":77,"column":19}}},"fnMap":{"0":{"name":"(anonymous_0)","decl":{"start":{"line":22,"column":28},"end":{"line":22,"column":29}},"loc":{"start":{"line":22,"column":62},"end":{"line":79,"column":1}},"line":22}},"branchMap":{"0":{"loc":{"start":{"line":22,"column":29},"end":{"line":22,"column":49}},"type":"default-arg","locations":[{"start":{"line":22,"column":37},"end":{"line":22,"column":49}}],"line":22},"1":{"loc":{"start":{"line":24,"column":2},"end":{"line":78,"column":3}},"type":"switch","locations":[{"start":{"line":25,"column":4},"end":{"line":31,"column":8}},{"start":{"line":32,"column":4},"end":{"line":37,"column":8}},{"start":{"line":38,"column":4},"end":{"line":42,"column":8}},{"start":{"line":43,"column":4},"end":{"line":47,"column":8}},{"start":{"line":48,"column":4},"end":{"line":52,"column":8}},{"start":{"line":53,"column":4},"end":{"line":57,"column":8}},{"start":{"line":58,"column":4},"end":{"line":63,"column":8}},{"start":{"line":64,"column":4},"end":{"line":69,"column":8}},{"start":{"line":70,"column":4},"end":{"line":74,"column":8}},{"start":{"line":76,"column":4},"end":{"line":77,"column":19}}],"line":24}},"s":{"0":0,"1":0,"2":0,"3":0,"4":0,"5":0,"6":0,"7":0,"8":0,"9":0,"10":0,"11":0,"12":0,"13":0},"f":{"0":0},"b":{"0":[0],"1":[0,0,0,0,0,0,0,0,0,0]},"hash":"4b656030d5d96e2057d3ed6f5bc4543393dc7dc8"}
,"C:\\Users\\Vladimir_Artemev\\Documents\\Develop\\React\\netflixroulette\\src\\utils\\index.js": {"path":"C:\\Users\\Vladimir_Artemev\\Documents\\Develop\\React\\netflixroulette\\src\\utils\\index.js","statementMap":{"0":{"start":{"line":5,"column":27},"end":{"line":13,"column":1}},"1":{"start":{"line":6,"column":17},"end":{"line":11,"column":34}},"2":{"start":{"line":9,"column":6},"end":{"line":9,"column":27}},"3":{"start":{"line":11,"column":20},"end":{"line":11,"column":33}},"4":{"start":{"line":12,"column":2},"end":{"line":12,"column":16}},"5":{"start":{"line":15,"column":30},"end":{"line":23,"column":1}},"6":{"start":{"line":16,"column":16},"end":{"line":21,"column":34}},"7":{"start":{"line":19,"column":6},"end":{"line":19,"column":27}},"8":{"start":{"line":21,"column":20},"end":{"line":21,"column":33}},"9":{"start":{"line":22,"column":2},"end":{"line":22,"column":15}}},"fnMap":{"0":{"name":"(anonymous_0)","decl":{"start":{"line":5,"column":27},"end":{"line":5,"column":28}},"loc":{"start":{"line":5,"column":43},"end":{"line":13,"column":1}},"line":5},"1":{"name":"(anonymous_1)","decl":{"start":{"line":8,"column":10},"end":{"line":8,"column":11}},"loc":{"start":{"line":8,"column":22},"end":{"line":10,"column":5}},"line":8},"2":{"name":"(anonymous_2)","decl":{"start":{"line":11,"column":11},"end":{"line":11,"column":12}},"loc":{"start":{"line":11,"column":20},"end":{"line":11,"column":33}},"line":11},"3":{"name":"(anonymous_3)","decl":{"start":{"line":15,"column":30},"end":{"line":15,"column":31}},"loc":{"start":{"line":15,"column":46},"end":{"line":23,"column":1}},"line":15},"4":{"name":"(anonymous_4)","decl":{"start":{"line":18,"column":10},"end":{"line":18,"column":11}},"loc":{"start":{"line":18,"column":22},"end":{"line":20,"column":5}},"line":18},"5":{"name":"(anonymous_5)","decl":{"start":{"line":21,"column":11},"end":{"line":21,"column":12}},"loc":{"start":{"line":21,"column":20},"end":{"line":21,"column":33}},"line":21}},"branchMap":{},"s":{"0":0,"1":0,"2":0,"3":0,"4":0,"5":0,"6":0,"7":0,"8":0,"9":0},"f":{"0":0,"1":0,"2":0,"3":0,"4":0,"5":0},"b":{},"hash":"fb65212c5e8296225164295ecd715268198f6780"}
}
