TN:
SF:C:\Users\Vladimir_Artemev\Documents\Develop\React\netflixroulette\src\App.jsx
FN:8,(anonymous_0)
FNF:1
FNH:0
FNDA:0,(anonymous_0)
DA:8,0
DA:9,0
LF:2
LH:0
BRF:0
BRH:0
end_of_record
TN:
SF:C:\Users\Vladimir_Artemev\Documents\Develop\React\netflixroulette\src\constants.js
FNF:0
FNH:0
DA:1,0
DA:3,0
DA:4,0
DA:5,0
DA:6,0
DA:7,0
DA:9,0
DA:11,0
DA:12,0
DA:14,0
DA:16,0
DA:17,0
DA:18,0
LF:13
LH:0
BRF:0
BRH:0
end_of_record
TN:
SF:C:\Users\Vladimir_Artemev\Documents\Develop\React\netflixroulette\src\index.jsx
FNF:0
FNH:0
DA:8,0
DA:10,0
LF:2
LH:0
BRF:0
BRH:0
end_of_record
TN:
SF:C:\Users\Vladimir_Artemev\Documents\Develop\React\netflixroulette\src\store.jsx
FN:9,(anonymous_0)
FNF:1
FNH:0
FNDA:0,(anonymous_0)
DA:7,0
DA:9,0
DA:10,0
DA:20,0
DA:22,0
LF:5
LH:0
BRDA:15,0,0,0
BRDA:15,0,1,0
BRF:2
BRH:0
end_of_record
TN:
SF:C:\Users\Vladimir_Artemev\Documents\Develop\React\netflixroulette\src\actions\index.js
FN:13,(anonymous_0)
FN:30,(anonymous_1)
FN:39,(anonymous_2)
FN:45,(anonymous_3)
FN:54,(anonymous_4)
FN:63,(anonymous_5)
FN:69,(anonymous_6)
FN:78,(anonymous_7)
FN:87,(anonymous_8)
FNF:9
FNH:0
FNDA:0,(anonymous_0)
FNDA:0,(anonymous_1)
FNDA:0,(anonymous_2)
FNDA:0,(anonymous_3)
FNDA:0,(anonymous_4)
FNDA:0,(anonymous_5)
FNDA:0,(anonymous_6)
FNDA:0,(anonymous_7)
FNDA:0,(anonymous_8)
DA:13,0
DA:19,0
DA:30,0
DA:31,0
DA:39,0
DA:40,0
DA:45,0
DA:46,0
DA:54,0
DA:55,0
DA:63,0
DA:64,0
DA:69,0
DA:70,0
DA:78,0
DA:79,0
DA:87,0
DA:88,0
LF:18
LH:0
BRDA:15,0,0,0
BRDA:16,1,0,0
BRDA:17,2,0,0
BRF:3
BRH:0
end_of_record
TN:
SF:C:\Users\Vladimir_Artemev\Documents\Develop\React\netflixroulette\src\components\button\button.jsx
FN:13,(anonymous_0)
FNF:1
FNH:1
FNDA:2,(anonymous_0)
DA:6,1
DA:13,1
DA:19,2
DA:28,2
DA:35,1
LF:5
LH:5
BRDA:17,0,0,2
BRDA:20,1,0,2
BRDA:20,1,1,0
BRDA:21,2,0,2
BRDA:21,2,1,0
BRF:5
BRH:3
end_of_record
TN:
SF:C:\Users\Vladimir_Artemev\Documents\Develop\React\netflixroulette\src\components\button\button.story.js
FN:7,(anonymous_0)
FN:8,(anonymous_1)
FN:9,(anonymous_2)
FN:15,(anonymous_3)
FNF:4
FNH:0
FNDA:0,(anonymous_0)
FNDA:0,(anonymous_1)
FNDA:0,(anonymous_2)
FNDA:0,(anonymous_3)
DA:6,0
DA:7,0
DA:8,0
DA:10,0
DA:16,0
LF:5
LH:0
BRF:0
BRH:0
end_of_record
TN:
SF:C:\Users\Vladimir_Artemev\Documents\Develop\React\netflixroulette\src\components\footer\footer.jsx
FN:5,(anonymous_0)
FNF:1
FNH:1
FNDA:1,(anonymous_0)
DA:5,1
DA:6,1
LF:2
LH:2
BRF:0
BRH:0
end_of_record
TN:
SF:C:\Users\Vladimir_Artemev\Documents\Develop\React\netflixroulette\src\components\footer\footer.story.js
FN:5,(anonymous_0)
FNF:1
FNH:0
FNDA:0,(anonymous_0)
DA:5,0
LF:1
LH:0
BRF:0
BRH:0
end_of_record
TN:
SF:C:\Users\Vladimir_Artemev\Documents\Develop\React\netflixroulette\src\components\input\input.jsx
FN:5,(anonymous_0)
FN:17,(anonymous_1)
FN:18,(anonymous_2)
FNF:3
FNH:1
FNDA:1,(anonymous_0)
FNDA:0,(anonymous_1)
FNDA:0,(anonymous_2)
DA:5,1
DA:11,1
DA:17,0
DA:18,0
DA:24,1
LF:5
LH:3
BRF:0
BRH:0
end_of_record
TN:
SF:C:\Users\Vladimir_Artemev\Documents\Develop\React\netflixroulette\src\components\input\input.story.js
FN:5,(anonymous_0)
FNF:1
FNH:0
FNDA:0,(anonymous_0)
DA:5,0
LF:1
LH:0
BRF:0
BRH:0
end_of_record
TN:
SF:C:\Users\Vladimir_Artemev\Documents\Develop\React\netflixroulette\src\components\logo\logo.jsx
FN:5,(anonymous_0)
FNF:1
FNH:0
FNDA:0,(anonymous_0)
DA:5,1
DA:6,0
DA:9,1
LF:3
LH:2
BRF:0
BRH:0
end_of_record
TN:
SF:C:\Users\Vladimir_Artemev\Documents\Develop\React\netflixroulette\src\components\logo\logo.story.js
FN:5,(anonymous_0)
FNF:1
FNH:0
FNDA:0,(anonymous_0)
DA:5,0
LF:1
LH:0
BRF:0
BRH:0
end_of_record
TN:
SF:C:\Users\Vladimir_Artemev\Documents\Develop\React\netflixroulette\src\components\movieDetails\movieDetails.jsx
FN:8,(anonymous_0)
FNF:1
FNH:0
FNDA:0,(anonymous_0)
DA:8,0
DA:19,0
DA:42,0
LF:3
LH:0
BRDA:26,0,0,0
BRDA:26,0,1,0
BRDA:34,1,0,0
BRDA:34,1,1,0
BRF:4
BRH:0
end_of_record
TN:
SF:C:\Users\Vladimir_Artemev\Documents\Develop\React\netflixroulette\src\components\movieItem\movieItem.jsx
FN:8,(anonymous_0)
FNF:1
FNH:0
FNDA:0,(anonymous_0)
DA:8,0
DA:9,0
DA:21,0
LF:3
LH:0
BRF:0
BRH:0
end_of_record
TN:
SF:C:\Users\Vladimir_Artemev\Documents\Develop\React\netflixroulette\src\components\movieItem\movieItem.story.js
FN:5,(anonymous_0)
FNF:1
FNH:0
FNDA:0,(anonymous_0)
DA:5,0
LF:1
LH:0
BRF:0
BRH:0
end_of_record
TN:
SF:C:\Users\Vladimir_Artemev\Documents\Develop\React\netflixroulette\src\components\movieTitle\movieTitle.jsx
FN:6,(anonymous_0)
FNF:1
FNH:0
FNDA:0,(anonymous_0)
DA:6,0
DA:7,0
DA:10,0
LF:3
LH:0
BRF:0
BRH:0
end_of_record
TN:
SF:C:\Users\Vladimir_Artemev\Documents\Develop\React\netflixroulette\src\components\movieTitle\movieTitle.story.js
FN:5,(anonymous_0)
FNF:1
FNH:0
FNDA:0,(anonymous_0)
DA:5,0
LF:1
LH:0
BRF:0
BRH:0
end_of_record
TN:
SF:C:\Users\Vladimir_Artemev\Documents\Develop\React\netflixroulette\src\components\noFilmsFound\noFilmsFound.jsx
FN:5,(anonymous_0)
FNF:1
FNH:0
FNDA:0,(anonymous_0)
DA:5,0
DA:6,0
LF:2
LH:0
BRF:0
BRH:0
end_of_record
TN:
SF:C:\Users\Vladimir_Artemev\Documents\Develop\React\netflixroulette\src\components\preloader\preloader.jsx
FN:5,(anonymous_0)
FNF:1
FNH:0
FNDA:0,(anonymous_0)
DA:5,0
DA:6,0
LF:2
LH:0
BRF:0
BRH:0
end_of_record
TN:
SF:C:\Users\Vladimir_Artemev\Documents\Develop\React\netflixroulette\src\components\searchControls\searchControls.jsx
FN:14,(anonymous_0)
FN:33,(anonymous_1)
FNF:2
FNH:0
FNDA:0,(anonymous_0)
FNDA:0,(anonymous_1)
DA:9,0
DA:14,0
DA:20,0
DA:34,0
DA:41,0
LF:5
LH:0
BRF:0
BRH:0
end_of_record
TN:
SF:C:\Users\Vladimir_Artemev\Documents\Develop\React\netflixroulette\src\components\searchControls\searchControls.story.js
FN:5,(anonymous_0)
FNF:1
FNH:0
FNDA:0,(anonymous_0)
DA:5,0
DA:6,0
LF:2
LH:0
BRF:0
BRH:0
end_of_record
TN:
SF:C:\Users\Vladimir_Artemev\Documents\Develop\React\netflixroulette\src\components\searchField\searchField.jsx
FN:8,(anonymous_0)
FNF:1
FNH:0
FNDA:0,(anonymous_0)
DA:8,0
DA:16,0
DA:35,0
LF:3
LH:0
BRF:0
BRH:0
end_of_record
TN:
SF:C:\Users\Vladimir_Artemev\Documents\Develop\React\netflixroulette\src\components\searchField\searchField.story.js
FN:5,(anonymous_0)
FNF:1
FNH:0
FNDA:0,(anonymous_0)
DA:5,0
LF:1
LH:0
BRF:0
BRH:0
end_of_record
TN:
SF:C:\Users\Vladimir_Artemev\Documents\Develop\React\netflixroulette\src\components\thumbnail\thumbnail.jsx
FN:6,(anonymous_0)
FNF:1
FNH:0
FNDA:0,(anonymous_0)
DA:6,0
DA:7,0
DA:10,0
LF:3
LH:0
BRF:0
BRH:0
end_of_record
TN:
SF:C:\Users\Vladimir_Artemev\Documents\Develop\React\netflixroulette\src\containers\errorBoundary\errorBoundary.js
FN:4,(anonymous_0)
FN:9,(anonymous_1)
FN:14,(anonymous_2)
FN:20,(anonymous_3)
FNF:4
FNH:0
FNDA:0,(anonymous_0)
FNDA:0,(anonymous_1)
FNDA:0,(anonymous_2)
FNDA:0,(anonymous_3)
DA:5,0
DA:6,0
DA:11,0
DA:16,0
DA:17,0
DA:21,0
DA:23,0
DA:26,0
LF:8
LH:0
BRDA:21,0,0,0
BRDA:21,0,1,0
BRF:2
BRH:0
end_of_record
TN:
SF:C:\Users\Vladimir_Artemev\Documents\Develop\React\netflixroulette\src\containers\header\header.jsx
FN:10,(anonymous_0)
FN:12,(anonymous_1)
FN:22,(anonymous_2)
FN:28,(anonymous_3)
FN:32,(anonymous_4)
FNF:5
FNH:0
FNDA:0,(anonymous_0)
FNDA:0,(anonymous_1)
FNDA:0,(anonymous_2)
FNDA:0,(anonymous_3)
FNDA:0,(anonymous_4)
DA:10,0
DA:11,0
DA:12,0
DA:20,0
DA:22,0
DA:23,0
DA:24,0
DA:28,0
DA:29,0
DA:32,0
DA:33,0
DA:36,0
LF:12
LH:0
BRDA:23,0,0,0
BRDA:23,0,1,0
BRDA:39,1,0,0
BRDA:39,1,1,0
BRDA:39,2,0,0
BRDA:39,2,1,0
BRF:6
BRH:0
end_of_record
TN:
SF:C:\Users\Vladimir_Artemev\Documents\Develop\React\netflixroulette\src\containers\header\header.story.js
FN:5,(anonymous_0)
FNF:1
FNH:0
FNDA:0,(anonymous_0)
DA:5,0
LF:1
LH:0
BRF:0
BRH:0
end_of_record
TN:
SF:C:\Users\Vladimir_Artemev\Documents\Develop\React\netflixroulette\src\containers\radioButton\index.jsx
FN:6,(anonymous_0)
FN:10,(anonymous_1)
FN:17,(anonymous_2)
FNF:3
FNH:0
FNDA:0,(anonymous_0)
FNDA:0,(anonymous_1)
FNDA:0,(anonymous_2)
DA:6,0
DA:7,0
DA:8,0
DA:10,0
DA:11,0
DA:18,0
DA:25,0
LF:7
LH:0
BRF:0
BRH:0
end_of_record
TN:
SF:C:\Users\Vladimir_Artemev\Documents\Develop\React\netflixroulette\src\containers\resultBody\resultBody.jsx
FN:10,(anonymous_0)
FN:11,(anonymous_1)
FN:30,(anonymous_2)
FN:33,(anonymous_3)
FNF:4
FNH:0
FNDA:0,(anonymous_0)
FNDA:0,(anonymous_1)
FNDA:0,(anonymous_2)
FNDA:0,(anonymous_3)
DA:10,0
DA:11,0
DA:15,0
DA:17,0
DA:22,0
DA:31,0
DA:33,0
LF:7
LH:0
BRDA:25,0,0,0
BRDA:25,0,1,0
BRDA:27,1,0,0
BRDA:27,1,1,0
BRF:4
BRH:0
end_of_record
TN:
SF:C:\Users\Vladimir_Artemev\Documents\Develop\React\netflixroulette\src\containers\resultBody\resultBody.story.js
FN:5,(anonymous_0)
FNF:1
FNH:0
FNDA:0,(anonymous_0)
DA:5,0
LF:1
LH:0
BRF:0
BRH:0
end_of_record
TN:
SF:C:\Users\Vladimir_Artemev\Documents\Develop\React\netflixroulette\src\containers\resultInfo\resultInfo.jsx
FN:13,(anonymous_0)
FN:14,(anonymous_1)
FNF:2
FNH:0
FNDA:0,(anonymous_0)
FNDA:0,(anonymous_1)
DA:8,0
DA:13,0
DA:14,0
DA:19,0
LF:4
LH:0
BRDA:21,0,0,0
BRDA:21,0,1,0
BRF:2
BRH:0
end_of_record
TN:
SF:C:\Users\Vladimir_Artemev\Documents\Develop\React\netflixroulette\src\containers\resultInfo\resultInfo.story.js
FN:5,(anonymous_0)
FNF:1
FNH:0
FNDA:0,(anonymous_0)
DA:5,0
DA:6,0
LF:2
LH:0
BRF:0
BRH:0
end_of_record
TN:
SF:C:\Users\Vladimir_Artemev\Documents\Develop\React\netflixroulette\src\reducers\index.js
FNF:0
FNH:0
DA:4,0
LF:1
LH:0
BRF:0
BRH:0
end_of_record
TN:
SF:C:\Users\Vladimir_Artemev\Documents\Develop\React\netflixroulette\src\reducers\movieReducer.js
FN:22,(anonymous_0)
FNF:1
FNH:0
FNDA:0,(anonymous_0)
DA:13,0
DA:22,0
DA:23,0
DA:24,0
DA:26,0
DA:33,0
DA:39,0
DA:44,0
DA:49,0
DA:54,0
DA:59,0
DA:65,0
DA:71,0
DA:77,0
LF:14
LH:0
BRDA:22,0,0,0
BRDA:24,1,0,0
BRDA:24,1,1,0
BRDA:24,1,2,0
BRDA:24,1,3,0
BRDA:24,1,4,0
BRDA:24,1,5,0
BRDA:24,1,6,0
BRDA:24,1,7,0
BRDA:24,1,8,0
BRDA:24,1,9,0
BRF:11
BRH:0
end_of_record
TN:
SF:C:\Users\Vladimir_Artemev\Documents\Develop\React\netflixroulette\src\utils\index.js
FN:5,(anonymous_0)
FN:8,(anonymous_1)
FN:11,(anonymous_2)
FN:15,(anonymous_3)
FN:18,(anonymous_4)
FN:21,(anonymous_5)
FNF:6
FNH:0
FNDA:0,(anonymous_0)
FNDA:0,(anonymous_1)
FNDA:0,(anonymous_2)
FNDA:0,(anonymous_3)
FNDA:0,(anonymous_4)
FNDA:0,(anonymous_5)
DA:5,0
DA:6,0
DA:9,0
DA:11,0
DA:12,0
DA:15,0
DA:16,0
DA:19,0
DA:21,0
DA:22,0
LF:10
LH:0
BRF:0
BRH:0
end_of_record
